# JRE version: OpenJDK Runtime Environment Zulu17.62+17-CA (17.0.17+10) (build 17.0.17+10-LTS)
# Java VM: OpenJDK Client VM Zulu17.62+17-CA (17.0.17+10-LTS, mixed mode, emulated-client, serial gc, windows-x86)
GC Precious Log:
 CPUs: 16 total, 16 available
 Memory: 32652M
 Large Page Support: Disabled
 NUMA Support: Disabled
 Compressed Oops: Disabled
 Heap Min Capacity: 6M
 Heap Initial Capacity: 16M
 Heap Max Capacity: 256M
 Pre-touch: Disabled
Heap:
 def new generation   total 4928K, used 703K [0x04e00000, 0x05350000, 0x0a350000)
  eden space 4416K,  15% used [0x04e00000, 0x04eaf9a8, 0x05250000)
  from space 512K,   0% used [0x05250000, 0x052505a0, 0x052d0000)
  to   space 512K,   0% used [0x052d0000, 0x052d0000, 0x05350000)
 tenured generation   total 10944K, used 1890K [0x0a350000, 0x0ae00000, 0x14e00000)
   the space 10944K,  17% used [0x0a350000, 0x0a5289d8, 0x0a528a00, 0x0ae00000)
 Metaspace       used 9383K, committed 9472K, reserved 16384K
GC Heap History (20 events):
Event: 17.477 GC heap before
{Heap before GC invocations=28 (full 0):
 def new generation   total 4928K, used 4418K [0x04e00000, 0x05350000, 0x0a350000)
  eden space 4416K, 100% used [0x04e00000, 0x05250000, 0x05250000)
  from space 512K,   0% used [0x05250000, 0x05250a90, 0x052d0000)
  to   space 512K,   0% used [0x052d0000, 0x052d0000, 0x05350000)
 tenured generation   total 10944K, used 1890K [0x0a350000, 0x0ae00000, 0x14e00000)
   the space 10944K,  17% used [0x0a350000, 0x0a528930, 0x0a528a00, 0x0ae00000)
 Metaspace       used 9383K, committed 9472K, reserved 16384K
}
Event: 17.477 GC heap after
{Heap after GC invocations=29 (full 0):
 def new generation   total 4928K, used 2K [0x04e00000, 0x05350000, 0x0a350000)
  eden space 4416K,   0% used [0x04e00000, 0x04e00000, 0x05250000)
  from space 512K,   0% used [0x052d0000, 0x052d0a58, 0x05350000)
  to   space 512K,   0% used [0x05250000, 0x05250000, 0x052d0000)
 tenured generation   total 10944K, used 1890K [0x0a350000, 0x0ae00000, 0x14e00000)
   the space 10944K,  17% used [0x0a350000, 0x0a528968, 0x0a528a00, 0x0ae00000)
 Metaspace       used 9383K, committed 9472K, reserved 16384K
}
Event: 18.030 GC heap before
{Heap before GC invocations=29 (full 0):
 def new generation   total 4928K, used 4418K [0x04e00000, 0x05350000, 0x0a350000)
  eden space 4416K,  99% used [0x04e00000, 0x0524fff8, 0x05250000)
  from space 512K,   0% used [0x052d0000, 0x052d0a58, 0x05350000)
  to   space 512K,   0% used [0x05250000, 0x05250000, 0x052d0000)
 tenured generation   total 10944K, used 1890K [0x0a350000, 0x0ae00000, 0x14e00000)
   the space 10944K,  17% used [0x0a350000, 0x0a528968, 0x0a528a00, 0x0ae00000)
 Metaspace       used 9383K, committed 9472K, reserved 16384K
}
Event: 18.030 GC heap after
{Heap after GC invocations=30 (full 0):
 def new generation   total 4928K, used 2K [0x04e00000, 0x05350000, 0x0a350000)
  eden space 4416K,   0% used [0x04e00000, 0x04e00000, 0x05250000)
  from space 512K,   0% used [0x05250000, 0x05250aa8, 0x052d0000)
  to   space 512K,   0% used [0x052d0000, 0x052d0000, 0x05350000)
 tenured generation   total 10944K, used 1890K [0x0a350000, 0x0ae00000, 0x14e00000)
   the space 10944K,  17% used [0x0a350000, 0x0a528968, 0x0a528a00, 0x0ae00000)
 Metaspace       used 9383K, committed 9472K, reserved 16384K
}
Event: 18.576 GC heap before
{Heap before GC invocations=30 (full 0):
 def new generation   total 4928K, used 4418K [0x04e00000, 0x05350000, 0x0a350000)
  eden space 4416K, 100% used [0x04e00000, 0x05250000, 0x05250000)
  from space 512K,   0% used [0x05250000, 0x05250aa8, 0x052d0000)
  to   space 512K,   0% used [0x052d0000, 0x052d0000, 0x05350000)
 tenured generation   total 10944K, used 1890K [0x0a350000, 0x0ae00000, 0x14e00000)
   the space 10944K,  17% used [0x0a350000, 0x0a528968, 0x0a528a00, 0x0ae00000)
 Metaspace       used 9383K, committed 9472K, reserved 16384K
}
Event: 18.576 GC heap after
{Heap after GC invocations=31 (full 0):
 def new generation   total 4928K, used 2K [0x04e00000, 0x05350000, 0x0a350000)
  eden space 4416K,   0% used [0x04e00000, 0x04e00000, 0x05250000)
  from space 512K,   0% used [0x052d0000, 0x052d0878, 0x05350000)
  to   space 512K,   0% used [0x05250000, 0x05250000, 0x052d0000)
 tenured generation   total 10944K, used 1890K [0x0a350000, 0x0ae00000, 0x14e00000)
   the space 10944K,  17% used [0x0a350000, 0x0a528968, 0x0a528a00, 0x0ae00000)
 Metaspace       used 9383K, committed 9472K, reserved 16384K
}
Event: 19.170 GC heap before
{Heap before GC invocations=31 (full 0):
 def new generation   total 4928K, used 4418K [0x04e00000, 0x05350000, 0x0a350000)
  eden space 4416K, 100% used [0x04e00000, 0x05250000, 0x05250000)
  from space 512K,   0% used [0x052d0000, 0x052d0878, 0x05350000)
  to   space 512K,   0% used [0x05250000, 0x05250000, 0x052d0000)
 tenured generation   total 10944K, used 1890K [0x0a350000, 0x0ae00000, 0x14e00000)
   the space 10944K,  17% used [0x0a350000, 0x0a528968, 0x0a528a00, 0x0ae00000)
 Metaspace       used 9383K, committed 9472K, reserved 16384K
}
Event: 19.170 GC heap after
{Heap after GC invocations=32 (full 0):
 def new generation   total 4928K, used 2K [0x04e00000, 0x05350000, 0x0a350000)
  eden space 4416K,   0% used [0x04e00000, 0x04e00000, 0x05250000)
  from space 512K,   0% used [0x05250000, 0x05250ad0, 0x052d0000)
  to   space 512K,   0% used [0x052d0000, 0x052d0000, 0x05350000)
 tenured generation   total 10944K, used 1890K [0x0a350000, 0x0ae00000, 0x14e00000)
   the space 10944K,  17% used [0x0a350000, 0x0a528968, 0x0a528a00, 0x0ae00000)
 Metaspace       used 9383K, committed 9472K, reserved 16384K
}
Event: 19.745 GC heap before
{Heap before GC invocations=32 (full 0):
 def new generation   total 4928K, used 4418K [0x04e00000, 0x05350000, 0x0a350000)
  eden space 4416K, 100% used [0x04e00000, 0x05250000, 0x05250000)
  from space 512K,   0% used [0x05250000, 0x05250ad0, 0x052d0000)
  to   space 512K,   0% used [0x052d0000, 0x052d0000, 0x05350000)
 tenured generation   total 10944K, used 1890K [0x0a350000, 0x0ae00000, 0x14e00000)
   the space 10944K,  17% used [0x0a350000, 0x0a528968, 0x0a528a00, 0x0ae00000)
 Metaspace       used 9383K, committed 9472K, reserved 16384K
}
Event: 19.745 GC heap after
{Heap after GC invocations=33 (full 0):
 def new generation   total 4928K, used 2K [0x04e00000, 0x05350000, 0x0a350000)
  eden space 4416K,   0% used [0x04e00000, 0x04e00000, 0x05250000)
  from space 512K,   0% used [0x052d0000, 0x052d0bf8, 0x05350000)
  to   space 512K,   0% used [0x05250000, 0x05250000, 0x052d0000)
 tenured generation   total 10944K, used 1890K [0x0a350000, 0x0ae00000, 0x14e00000)
   the space 10944K,  17% used [0x0a350000, 0x0a528968, 0x0a528a00, 0x0ae00000)
 Metaspace       used 9383K, committed 9472K, reserved 16384K
}
Event: 20.335 GC heap before
{Heap before GC invocations=33 (full 0):
 def new generation   total 4928K, used 4418K [0x04e00000, 0x05350000, 0x0a350000)
  eden space 4416K, 100% used [0x04e00000, 0x05250000, 0x05250000)
  from space 512K,   0% used [0x052d0000, 0x052d0bf8, 0x05350000)
  to   space 512K,   0% used [0x05250000, 0x05250000, 0x052d0000)
 tenured generation   total 10944K, used 1890K [0x0a350000, 0x0ae00000, 0x14e00000)
   the space 10944K,  17% used [0x0a350000, 0x0a528968, 0x0a528a00, 0x0ae00000)
 Metaspace       used 9383K, committed 9472K, reserved 16384K
}
Event: 20.336 GC heap after
{Heap after GC invocations=34 (full 0):
 def new generation   total 4928K, used 2K [0x04e00000, 0x05350000, 0x0a350000)
  eden space 4416K,   0% used [0x04e00000, 0x04e00000, 0x05250000)
  from space 512K,   0% used [0x05250000, 0x05250a88, 0x052d0000)
  to   space 512K,   0% used [0x052d0000, 0x052d0000, 0x05350000)
 tenured generation   total 10944K, used 1890K [0x0a350000, 0x0ae00000, 0x14e00000)
   the space 10944K,  17% used [0x0a350000, 0x0a5289d8, 0x0a528a00, 0x0ae00000)
 Metaspace       used 9383K, committed 9472K, reserved 16384K
}
Event: 20.848 GC heap before
{Heap before GC invocations=34 (full 0):
 def new generation   total 4928K, used 4418K [0x04e00000, 0x05350000, 0x0a350000)
  eden space 4416K, 100% used [0x04e00000, 0x05250000, 0x05250000)
  from space 512K,   0% used [0x05250000, 0x05250a88, 0x052d0000)
  to   space 512K,   0% used [0x052d0000, 0x052d0000, 0x05350000)
 tenured generation   total 10944K, used 1890K [0x0a350000, 0x0ae00000, 0x14e00000)
   the space 10944K,  17% used [0x0a350000, 0x0a5289d8, 0x0a528a00, 0x0ae00000)
 Metaspace       used 9383K, committed 9472K, reserved 16384K
}
Event: 20.849 GC heap after
{Heap after GC invocations=35 (full 0):
 def new generation   total 4928K, used 2K [0x04e00000, 0x05350000, 0x0a350000)
  eden space 4416K,   0% used [0x04e00000, 0x04e00000, 0x05250000)
  from space 512K,   0% used [0x052d0000, 0x052d0a90, 0x05350000)
  to   space 512K,   0% used [0x05250000, 0x05250000, 0x052d0000)
 tenured generation   total 10944K, used 1890K [0x0a350000, 0x0ae00000, 0x14e00000)
   the space 10944K,  17% used [0x0a350000, 0x0a5289d8, 0x0a528a00, 0x0ae00000)
 Metaspace       used 9383K, committed 9472K, reserved 16384K
}
Event: 21.452 GC heap before
{Heap before GC invocations=35 (full 0):
 def new generation   total 4928K, used 4418K [0x04e00000, 0x05350000, 0x0a350000)
  eden space 4416K,  99% used [0x04e00000, 0x0524fff0, 0x05250000)
  from space 512K,   0% used [0x052d0000, 0x052d0a90, 0x05350000)
  to   space 512K,   0% used [0x05250000, 0x05250000, 0x052d0000)
 tenured generation   total 10944K, used 1890K [0x0a350000, 0x0ae00000, 0x14e00000)
   the space 10944K,  17% used [0x0a350000, 0x0a5289d8, 0x0a528a00, 0x0ae00000)
 Metaspace       used 9383K, committed 9472K, reserved 16384K
}
Event: 21.452 GC heap after
{Heap after GC invocations=36 (full 0):
 def new generation   total 4928K, used 2K [0x04e00000, 0x05350000, 0x0a350000)
  eden space 4416K,   0% used [0x04e00000, 0x04e00000, 0x05250000)
  from space 512K,   0% used [0x05250000, 0x05250a88, 0x052d0000)
  to   space 512K,   0% used [0x052d0000, 0x052d0000, 0x05350000)
 tenured generation   total 10944K, used 1890K [0x0a350000, 0x0ae00000, 0x14e00000)
   the space 10944K,  17% used [0x0a350000, 0x0a5289d8, 0x0a528a00, 0x0ae00000)
 Metaspace       used 9383K, committed 9472K, reserved 16384K
}
Event: 22.037 GC heap before
{Heap before GC invocations=36 (full 0):
 def new generation   total 4928K, used 4418K [0x04e00000, 0x05350000, 0x0a350000)
  eden space 4416K,  99% used [0x04e00000, 0x0524fff0, 0x05250000)
  from space 512K,   0% used [0x05250000, 0x05250a88, 0x052d0000)
  to   space 512K,   0% used [0x052d0000, 0x052d0000, 0x05350000)
 tenured generation   total 10944K, used 1890K [0x0a350000, 0x0ae00000, 0x14e00000)
   the space 10944K,  17% used [0x0a350000, 0x0a5289d8, 0x0a528a00, 0x0ae00000)
 Metaspace       used 9383K, committed 9472K, reserved 16384K
}
Event: 22.037 GC heap after
{Heap after GC invocations=37 (full 0):
 def new generation   total 4928K, used 1K [0x04e00000, 0x05350000, 0x0a350000)
  eden space 4416K,   0% used [0x04e00000, 0x04e00000, 0x05250000)
  from space 512K,   0% used [0x052d0000, 0x052d05e0, 0x05350000)
  to   space 512K,   0% used [0x05250000, 0x05250000, 0x052d0000)
 tenured generation   total 10944K, used 1890K [0x0a350000, 0x0ae00000, 0x14e00000)
   the space 10944K,  17% used [0x0a350000, 0x0a5289d8, 0x0a528a00, 0x0ae00000)
 Metaspace       used 9383K, committed 9472K, reserved 16384K
}
Event: 22.620 GC heap before
{Heap before GC invocations=37 (full 0):
 def new generation   total 4928K, used 4417K [0x04e00000, 0x05350000, 0x0a350000)
  eden space 4416K, 100% used [0x04e00000, 0x05250000, 0x05250000)
  from space 512K,   0% used [0x052d0000, 0x052d05e0, 0x05350000)
  to   space 512K,   0% used [0x05250000, 0x05250000, 0x052d0000)
 tenured generation   total 10944K, used 1890K [0x0a350000, 0x0ae00000, 0x14e00000)
   the space 10944K,  17% used [0x0a350000, 0x0a5289d8, 0x0a528a00, 0x0ae00000)
 Metaspace       used 9383K, committed 9472K, reserved 16384K
}
Event: 22.620 GC heap after
{Heap after GC invocations=38 (full 0):
 def new generation   total 4928K, used 1K [0x04e00000, 0x05350000, 0x0a350000)
  eden space 4416K,   0% used [0x04e00000, 0x04e00000, 0x05250000)
  from space 512K,   0% used [0x05250000, 0x052505a0, 0x052d0000)
  to   space 512K,   0% used [0x052d0000, 0x052d0000, 0x05350000)
 tenured generation   total 10944K, used 1890K [0x0a350000, 0x0ae00000, 0x14e00000)
   the space 10944K,  17% used [0x0a350000, 0x0a5289d8, 0x0a528a00, 0x0ae00000)
 Metaspace       used 9383K, committed 9472K, reserved 16384K
}

