# JRE version: OpenJDK Runtime Environment Zulu17.62+17-CA (17.0.17+10) (build 17.0.17+10-LTS)
# Java VM: OpenJDK Client VM Zulu17.62+17-CA (17.0.17+10-LTS, mixed mode, emulated-client, serial gc, windows-x86)
GC Precious Log:
 CPUs: 16 total, 16 available
 Memory: 32652M
 Large Page Support: Disabled
 NUMA Support: Disabled
 Compressed Oops: Disabled
 Heap Min Capacity: 6M
 Heap Initial Capacity: 16M
 Heap Max Capacity: 256M
 Pre-touch: Disabled
Heap:
 def new generation   total 4928K, used 2568K [0x05400000, 0x05950000, 0x0a950000)
  eden space 4416K,  49% used [0x05400000, 0x05626ab8, 0x05850000)
  from space 512K,  71% used [0x05850000, 0x058ab650, 0x058d0000)
  to   space 512K,   0% used [0x058d0000, 0x058d0000, 0x05950000)
 tenured generation   total 10944K, used 1526K [0x0a950000, 0x0b400000, 0x15400000)
   the space 10944K,  13% used [0x0a950000, 0x0aacd8f8, 0x0aacda00, 0x0b400000)
 Metaspace       used 9390K, committed 9472K, reserved 16384K
GC Heap History (4 events):
Event: 0.951 GC heap before
{Heap before GC invocations=0 (full 0):
 def new generation   total 4928K, used 4416K [0x05400000, 0x05950000, 0x0a950000)
  eden space 4416K, 100% used [0x05400000, 0x05850000, 0x05850000)
  from space 512K,   0% used [0x05850000, 0x05850000, 0x058d0000)
  to   space 512K,   0% used [0x058d0000, 0x058d0000, 0x05950000)
 tenured generation   total 10944K, used 0K [0x0a950000, 0x0b400000, 0x15400000)
   the space 10944K,   0% used [0x0a950000, 0x0a950000, 0x0a950200, 0x0b400000)
 Metaspace       used 9044K, committed 9152K, reserved 16384K
}
Event: 0.954 GC heap after
{Heap after GC invocations=1 (full 0):
 def new generation   total 4928K, used 512K [0x05400000, 0x05950000, 0x0a950000)
  eden space 4416K,   0% used [0x05400000, 0x05400000, 0x05850000)
  from space 512K, 100% used [0x058d0000, 0x05950000, 0x05950000)
  to   space 512K,   0% used [0x05850000, 0x05850000, 0x058d0000)
 tenured generation   total 10944K, used 1014K [0x0a950000, 0x0b400000, 0x15400000)
   the space 10944K,   9% used [0x0a950000, 0x0aa4da58, 0x0aa4dc00, 0x0b400000)
 Metaspace       used 9044K, committed 9152K, reserved 16384K
}
Event: 1.963 GC heap before
{Heap before GC invocations=1 (full 0):
 def new generation   total 4928K, used 4928K [0x05400000, 0x05950000, 0x0a950000)
  eden space 4416K, 100% used [0x05400000, 0x05850000, 0x05850000)
  from space 512K, 100% used [0x058d0000, 0x05950000, 0x05950000)
  to   space 512K,   0% used [0x05850000, 0x05850000, 0x058d0000)
 tenured generation   total 10944K, used 1014K [0x0a950000, 0x0b400000, 0x15400000)
   the space 10944K,   9% used [0x0a950000, 0x0aa4da58, 0x0aa4dc00, 0x0b400000)
 Metaspace       used 9389K, committed 9472K, reserved 16384K
}
Event: 1.965 GC heap after
{Heap after GC invocations=2 (full 0):
 def new generation   total 4928K, used 365K [0x05400000, 0x05950000, 0x0a950000)
  eden space 4416K,   0% used [0x05400000, 0x05400000, 0x05850000)
  from space 512K,  71% used [0x05850000, 0x058ab650, 0x058d0000)
  to   space 512K,   0% used [0x058d0000, 0x058d0000, 0x05950000)
 tenured generation   total 10944K, used 1526K [0x0a950000, 0x0b400000, 0x15400000)
   the space 10944K,  13% used [0x0a950000, 0x0aacd8f8, 0x0aacda00, 0x0b400000)
 Metaspace       used 9389K, committed 9472K, reserved 16384K
}

