# JRE version: OpenJDK Runtime Environment Zulu17.62+17-CA (17.0.17+10) (build 17.0.17+10-LTS)
# Java VM: OpenJDK Client VM Zulu17.62+17-CA (17.0.17+10-LTS, mixed mode, emulated-client, serial gc, windows-x86)
GC Precious Log:
 CPUs: 16 total, 16 available
 Memory: 32652M
 Large Page Support: Disabled
 NUMA Support: Disabled
 Compressed Oops: Disabled
 Heap Min Capacity: 6M
 Heap Initial Capacity: 16M
 Heap Max Capacity: 256M
 Pre-touch: Disabled
Heap:
 def new generation   total 4928K, used 1284K [0x05200000, 0x05750000, 0x0a750000)
  eden space 4416K,  29% used [0x05200000, 0x05340678, 0x05650000)
  from space 512K,   0% used [0x056d0000, 0x056d0ae8, 0x05750000)
  to   space 512K,   0% used [0x05650000, 0x05650000, 0x056d0000)
 tenured generation   total 10944K, used 1890K [0x0a750000, 0x0b200000, 0x15200000)
   the space 10944K,  17% used [0x0a750000, 0x0a9288e8, 0x0a928a00, 0x0b200000)
 Metaspace       used 9390K, committed 9472K, reserved 16384K
GC Heap History (10 events):
Event: 0.886 GC heap before
{Heap before GC invocations=0 (full 0):
 def new generation   total 4928K, used 4416K [0x05200000, 0x05750000, 0x0a750000)
  eden space 4416K, 100% used [0x05200000, 0x05650000, 0x05650000)
  from space 512K,   0% used [0x05650000, 0x05650000, 0x056d0000)
  to   space 512K,   0% used [0x056d0000, 0x056d0000, 0x05750000)
 tenured generation   total 10944K, used 0K [0x0a750000, 0x0b200000, 0x15200000)
   the space 10944K,   0% used [0x0a750000, 0x0a750000, 0x0a750200, 0x0b200000)
 Metaspace       used 9046K, committed 9152K, reserved 16384K
}
Event: 0.890 GC heap after
{Heap after GC invocations=1 (full 0):
 def new generation   total 4928K, used 512K [0x05200000, 0x05750000, 0x0a750000)
  eden space 4416K,   0% used [0x05200000, 0x05200000, 0x05650000)
  from space 512K, 100% used [0x056d0000, 0x05750000, 0x05750000)
  to   space 512K,   0% used [0x05650000, 0x05650000, 0x056d0000)
 tenured generation   total 10944K, used 1014K [0x0a750000, 0x0b200000, 0x15200000)
   the space 10944K,   9% used [0x0a750000, 0x0a84dad8, 0x0a84dc00, 0x0b200000)
 Metaspace       used 9046K, committed 9152K, reserved 16384K
}
Event: 1.940 GC heap before
{Heap before GC invocations=1 (full 0):
 def new generation   total 4928K, used 4928K [0x05200000, 0x05750000, 0x0a750000)
  eden space 4416K, 100% used [0x05200000, 0x05650000, 0x05650000)
  from space 512K, 100% used [0x056d0000, 0x05750000, 0x05750000)
  to   space 512K,   0% used [0x05650000, 0x05650000, 0x056d0000)
 tenured generation   total 10944K, used 1014K [0x0a750000, 0x0b200000, 0x15200000)
   the space 10944K,   9% used [0x0a750000, 0x0a84dad8, 0x0a84dc00, 0x0b200000)
 Metaspace       used 9389K, committed 9472K, reserved 16384K
}
Event: 1.942 GC heap after
{Heap after GC invocations=2 (full 0):
 def new generation   total 4928K, used 366K [0x05200000, 0x05750000, 0x0a750000)
  eden space 4416K,   0% used [0x05200000, 0x05200000, 0x05650000)
  from space 512K,  71% used [0x05650000, 0x056aba88, 0x056d0000)
  to   space 512K,   0% used [0x056d0000, 0x056d0000, 0x05750000)
 tenured generation   total 10944K, used 1526K [0x0a750000, 0x0b200000, 0x15200000)
   the space 10944K,  13% used [0x0a750000, 0x0a8cd970, 0x0a8cda00, 0x0b200000)
 Metaspace       used 9389K, committed 9472K, reserved 16384K
}
Event: 2.731 GC heap before
{Heap before GC invocations=2 (full 0):
 def new generation   total 4928K, used 4782K [0x05200000, 0x05750000, 0x0a750000)
  eden space 4416K, 100% used [0x05200000, 0x05650000, 0x05650000)
  from space 512K,  71% used [0x05650000, 0x056aba88, 0x056d0000)
  to   space 512K,   0% used [0x056d0000, 0x056d0000, 0x05750000)
 tenured generation   total 10944K, used 1526K [0x0a750000, 0x0b200000, 0x15200000)
   the space 10944K,  13% used [0x0a750000, 0x0a8cd970, 0x0a8cda00, 0x0b200000)
 Metaspace       used 9390K, committed 9472K, reserved 16384K
}
Event: 2.731 GC heap after
{Heap after GC invocations=3 (full 0):
 def new generation   total 4928K, used 0K [0x05200000, 0x05750000, 0x0a750000)
  eden space 4416K,   0% used [0x05200000, 0x05200000, 0x05650000)
  from space 512K,   0% used [0x056d0000, 0x056d0370, 0x05750000)
  to   space 512K,   0% used [0x05650000, 0x05650000, 0x056d0000)
 tenured generation   total 10944K, used 1890K [0x0a750000, 0x0b200000, 0x15200000)
   the space 10944K,  17% used [0x0a750000, 0x0a9288e8, 0x0a928a00, 0x0b200000)
 Metaspace       used 9390K, committed 9472K, reserved 16384K
}
Event: 3.582 GC heap before
{Heap before GC invocations=3 (full 0):
 def new generation   total 4928K, used 4416K [0x05200000, 0x05750000, 0x0a750000)
  eden space 4416K, 100% used [0x05200000, 0x05650000, 0x05650000)
  from space 512K,   0% used [0x056d0000, 0x056d0370, 0x05750000)
  to   space 512K,   0% used [0x05650000, 0x05650000, 0x056d0000)
 tenured generation   total 10944K, used 1890K [0x0a750000, 0x0b200000, 0x15200000)
   the space 10944K,  17% used [0x0a750000, 0x0a9288e8, 0x0a928a00, 0x0b200000)
 Metaspace       used 9390K, committed 9472K, reserved 16384K
}
Event: 3.582 GC heap after
{Heap after GC invocations=4 (full 0):
 def new generation   total 4928K, used 2K [0x05200000, 0x05750000, 0x0a750000)
  eden space 4416K,   0% used [0x05200000, 0x05200000, 0x05650000)
  from space 512K,   0% used [0x05650000, 0x05650a18, 0x056d0000)
  to   space 512K,   0% used [0x056d0000, 0x056d0000, 0x05750000)
 tenured generation   total 10944K, used 1890K [0x0a750000, 0x0b200000, 0x15200000)
   the space 10944K,  17% used [0x0a750000, 0x0a9288e8, 0x0a928a00, 0x0b200000)
 Metaspace       used 9390K, committed 9472K, reserved 16384K
}
Event: 4.354 GC heap before
{Heap before GC invocations=4 (full 0):
 def new generation   total 4928K, used 4418K [0x05200000, 0x05750000, 0x0a750000)
  eden space 4416K, 100% used [0x05200000, 0x05650000, 0x05650000)
  from space 512K,   0% used [0x05650000, 0x05650a18, 0x056d0000)
  to   space 512K,   0% used [0x056d0000, 0x056d0000, 0x05750000)
 tenured generation   total 10944K, used 1890K [0x0a750000, 0x0b200000, 0x15200000)
   the space 10944K,  17% used [0x0a750000, 0x0a9288e8, 0x0a928a00, 0x0b200000)
 Metaspace       used 9390K, committed 9472K, reserved 16384K
}
Event: 4.354 GC heap after
{Heap after GC invocations=5 (full 0):
 def new generation   total 4928K, used 2K [0x05200000, 0x05750000, 0x0a750000)
  eden space 4416K,   0% used [0x05200000, 0x05200000, 0x05650000)
  from space 512K,   0% used [0x056d0000, 0x056d0ae8, 0x05750000)
  to   space 512K,   0% used [0x05650000, 0x05650000, 0x056d0000)
 tenured generation   total 10944K, used 1890K [0x0a750000, 0x0b200000, 0x15200000)
   the space 10944K,  17% used [0x0a750000, 0x0a9288e8, 0x0a928a00, 0x0b200000)
 Metaspace       used 9390K, committed 9472K, reserved 16384K
}

