# JRE version: OpenJDK Runtime Environment Zulu17.62+17-CA (17.0.17+10) (build 17.0.17+10-LTS)
# Java VM: OpenJDK Client VM Zulu17.62+17-CA (17.0.17+10-LTS, mixed mode, emulated-client, serial gc, windows-x86)
GC Precious Log:
 CPUs: 16 total, 16 available
 Memory: 32652M
 Large Page Support: Disabled
 NUMA Support: Disabled
 Compressed Oops: Disabled
 Heap Min Capacity: 6M
 Heap Initial Capacity: 16M
 Heap Max Capacity: 256M
 Pre-touch: Disabled
Heap:
 def new generation   total 4928K, used 2863K [0x04e00000, 0x05350000, 0x0a350000)
  eden space 4416K,  56% used [0x04e00000, 0x050701b0, 0x05250000)
  from space 512K,  71% used [0x05250000, 0x052abc50, 0x052d0000)
  to   space 512K,   0% used [0x052d0000, 0x052d0000, 0x05350000)
 tenured generation   total 10944K, used 1526K [0x0a350000, 0x0ae00000, 0x14e00000)
   the space 10944K,  13% used [0x0a350000, 0x0a4cd958, 0x0a4cda00, 0x0ae00000)
 Metaspace       used 9408K, committed 9536K, reserved 16384K
GC Heap History (4 events):
Event: 0.925 GC heap before
{Heap before GC invocations=0 (full 0):
 def new generation   total 4928K, used 4416K [0x04e00000, 0x05350000, 0x0a350000)
  eden space 4416K, 100% used [0x04e00000, 0x05250000, 0x05250000)
  from space 512K,   0% used [0x05250000, 0x05250000, 0x052d0000)
  to   space 512K,   0% used [0x052d0000, 0x052d0000, 0x05350000)
 tenured generation   total 10944K, used 0K [0x0a350000, 0x0ae00000, 0x14e00000)
   the space 10944K,   0% used [0x0a350000, 0x0a350000, 0x0a350200, 0x0ae00000)
 Metaspace       used 9046K, committed 9152K, reserved 16384K
}
Event: 0.928 GC heap after
{Heap after GC invocations=1 (full 0):
 def new generation   total 4928K, used 512K [0x04e00000, 0x05350000, 0x0a350000)
  eden space 4416K,   0% used [0x04e00000, 0x04e00000, 0x05250000)
  from space 512K, 100% used [0x052d0000, 0x05350000, 0x05350000)
  to   space 512K,   0% used [0x05250000, 0x05250000, 0x052d0000)
 tenured generation   total 10944K, used 1014K [0x0a350000, 0x0ae00000, 0x14e00000)
   the space 10944K,   9% used [0x0a350000, 0x0a44dab8, 0x0a44dc00, 0x0ae00000)
 Metaspace       used 9046K, committed 9152K, reserved 16384K
}
Event: 2.177 GC heap before
{Heap before GC invocations=1 (full 0):
 def new generation   total 4928K, used 4928K [0x04e00000, 0x05350000, 0x0a350000)
  eden space 4416K, 100% used [0x04e00000, 0x05250000, 0x05250000)
  from space 512K, 100% used [0x052d0000, 0x05350000, 0x05350000)
  to   space 512K,   0% used [0x05250000, 0x05250000, 0x052d0000)
 tenured generation   total 10944K, used 1014K [0x0a350000, 0x0ae00000, 0x14e00000)
   the space 10944K,   9% used [0x0a350000, 0x0a44dab8, 0x0a44dc00, 0x0ae00000)
 Metaspace       used 9407K, committed 9536K, reserved 16384K
}
Event: 2.179 GC heap after
{Heap after GC invocations=2 (full 0):
 def new generation   total 4928K, used 367K [0x04e00000, 0x05350000, 0x0a350000)
  eden space 4416K,   0% used [0x04e00000, 0x04e00000, 0x05250000)
  from space 512K,  71% used [0x05250000, 0x052abc50, 0x052d0000)
  to   space 512K,   0% used [0x052d0000, 0x052d0000, 0x05350000)
 tenured generation   total 10944K, used 1526K [0x0a350000, 0x0ae00000, 0x14e00000)
   the space 10944K,  13% used [0x0a350000, 0x0a4cd958, 0x0a4cda00, 0x0ae00000)
 Metaspace       used 9407K, committed 9536K, reserved 16384K
}

